#
# There is insufficient memory for the Java Runtime Environment to continue.
# Native memory allocation (malloc) failed to allocate 45072 bytes. Error detail: Chunk::new
# Possible reasons:
#   The system is out of physical RAM or swap space
#   This process is running with CompressedOops enabled, and the Java Heap may be blocking the growth of the native heap
# Possible solutions:
#   Reduce memory load on the system
#   Increase physical memory or swap space
#   Check if swap backing store is full
#   Decrease Java heap size (-Xmx/-Xms)
#   Decrease number of Java threads
#   Decrease Java thread stack sizes (-Xss)
#   Set larger code cache with -XX:ReservedCodeCacheSize=
#   JVM is running with Unscaled Compressed Oops mode in which the Java heap is
#     placed in the first 4GB address space. The Java Heap base address is the
#     maximum limit for the native heap growth. Please use -XX:HeapBaseMinAddress
#     to set the Java Heap base and to place the Java Heap above 4GB virtual address.
# This output file may be truncated or incomplete.
#
#  Out of Memory Error (arena.cpp:149), pid=12868, tid=10548
#
# JRE version: Java(TM) SE Runtime Environment (23.0.1+11) (build 23.0.1+11-39)
# Java VM: Java HotSpot(TM) 64-Bit Server VM (23.0.1+11-39, mixed mode, sharing, tiered, compressed oops, compressed class ptrs, g1 gc, windows-amd64)
# No core dump will be written. Minidumps are not enabled by default on client versions of Windows
#

---------------  S U M M A R Y ------------

Command Line: -javaagent:C:\Program Files\JetBrains\IntelliJ IDEA 2025.2\lib\idea_rt.jar=53768 -Dfile.encoding=UTF-8 -Dsun.stdout.encoding=UTF-8 -Dsun.stderr.encoding=UTF-8 com.eventosapp.EventoappApplication

Host: Intel(R) Core(TM) i3-7020U CPU @ 2.30GHz, 4 cores, 3G,  Windows 10 , 64 bit Build 19041 (10.0.19041.5915)
Time: Mon Sep 15 01:45:26 2025 Hora Padrão de Buenos Aires elapsed time: 117.149231 seconds (0d 0h 1m 57s)

---------------  T H R E A D  ---------------

Current thread (0x00000210177b2310):  JavaThread "C2 CompilerThread0" daemon [_thread_in_native, id=10548, stack(0x000000e095c00000,0x000000e095d00000) (1024K)]


Current CompileTask:
C2:117149 7120   !   4       java.nio.ByteBuffer::wrap (21 bytes)

Stack: [0x000000e095c00000,0x000000e095d00000]
Native frames: (J=compiled Java code, j=interpreted, Vv=VM code, C=native code)
V  [jvm.dll+0x6e08b9]  (no source info available)
V  [jvm.dll+0x87dc83]  (no source info available)
V  [jvm.dll+0x88010e]  (no source info available)
V  [jvm.dll+0x8807e3]  (no source info available)
V  [jvm.dll+0x27aee6]  (no source info available)
V  [jvm.dll+0xbc06f]  (no source info available)
V  [jvm.dll+0xbc2cb]  (no source info available)
V  [jvm.dll+0x3b3a9c]  (no source info available)
V  [jvm.dll+0x38a42b]  (no source info available)
V  [jvm.dll+0x38989a]  (no source info available)
V  [jvm.dll+0x244aa1]  (no source info available)
V  [jvm.dll+0x243dff]  (no source info available)
V  [jvm.dll+0x1c33a0]  (no source info available)
V  [jvm.dll+0x253cf1]  (no source info available)
V  [jvm.dll+0x251faa]  (no source info available)
V  [jvm.dll+0x3ee036]  (no source info available)
V  [jvm.dll+0x824f8b]  (no source info available)
V  [jvm.dll+0x6df065]  (no source info available)
C  [ucrtbase.dll+0x21bb2]  (no source info available)
C  [KERNEL32.DLL+0x17374]  (no source info available)
C  [ntdll.dll+0x4cc91]  (no source info available)

Lock stack of current Java thread (top to bottom):


---------------  P R O C E S S  ---------------

Threads class SMR info:
_java_thread_list=0x000002105f885280, length=31, elements={
0x000002101779f450, 0x00000210177a2530, 0x00000210177a53f0, 0x00000210177a7e60,
0x00000210177a8cf0, 0x00000210177abcc0, 0x00000210177b2310, 0x00000210177b36d0,
0x000002101778c4e0, 0x000002105d0c60a0, 0x000002105d0c69c0, 0x000002105eb77a00,
0x000002105ed947f0, 0x000002105e6aa7e0, 0x000002105eb617b0, 0x000002105eb61120,
0x000002105eb60a90, 0x0000021060414bb0, 0x00000210604165f0, 0x0000021060415f60,
0x0000021060414520, 0x0000021060413170, 0x0000021060413800, 0x0000021060415240,
0x00000210604158d0, 0x0000021060413e90, 0x00000210612d7ef0, 0x00000210612de160,
0x00000210612ddad0, 0x00000210612d92a0, 0x00000210612d9fc0
}

Java Threads: ( => current thread )
  0x000002101779f450 JavaThread "Reference Handler"          daemon [_thread_blocked, id=11632, stack(0x000000e095600000,0x000000e095700000) (1024K)]
  0x00000210177a2530 JavaThread "Finalizer"                  daemon [_thread_blocked, id=8188, stack(0x000000e095700000,0x000000e095800000) (1024K)]
  0x00000210177a53f0 JavaThread "Signal Dispatcher"          daemon [_thread_blocked, id=2328, stack(0x000000e095800000,0x000000e095900000) (1024K)]
  0x00000210177a7e60 JavaThread "Attach Listener"            daemon [_thread_blocked, id=7588, stack(0x000000e095900000,0x000000e095a00000) (1024K)]
  0x00000210177a8cf0 JavaThread "Service Thread"             daemon [_thread_blocked, id=9396, stack(0x000000e095a00000,0x000000e095b00000) (1024K)]
  0x00000210177abcc0 JavaThread "Monitor Deflation Thread"   daemon [_thread_blocked, id=8612, stack(0x000000e095b00000,0x000000e095c00000) (1024K)]
=>0x00000210177b2310 JavaThread "C2 CompilerThread0"         daemon [_thread_in_native, id=10548, stack(0x000000e095c00000,0x000000e095d00000) (1024K)]
  0x00000210177b36d0 JavaThread "C1 CompilerThread0"         daemon [_thread_blocked, id=8952, stack(0x000000e095d00000,0x000000e095e00000) (1024K)]
  0x000002101778c4e0 JavaThread "Common-Cleaner"             daemon [_thread_blocked, id=7752, stack(0x000000e095e00000,0x000000e095f00000) (1024K)]
  0x000002105d0c60a0 JavaThread "Monitor Ctrl-Break"         daemon [_thread_in_native, id=1676, stack(0x000000e095f00000,0x000000e096000000) (1024K)]
  0x000002105d0c69c0 JavaThread "Notification Thread"        daemon [_thread_blocked, id=12504, stack(0x000000e096000000,0x000000e096100000) (1024K)]
  0x000002105eb77a00 JavaThread "Catalina-utility-1"                [_thread_blocked, id=13828, stack(0x000000e096600000,0x000000e096700000) (1024K)]
  0x000002105ed947f0 JavaThread "Catalina-utility-2"                [_thread_blocked, id=12860, stack(0x000000e096700000,0x000000e096800000) (1024K)]
  0x000002105e6aa7e0 JavaThread "container-0"                       [_thread_blocked, id=11880, stack(0x000000e096800000,0x000000e096900000) (1024K)]
  0x000002105eb617b0 JavaThread "mysql-cj-abandoned-connection-cleanup" daemon [_thread_blocked, id=10880, stack(0x000000e096900000,0x000000e096a00000) (1024K)]
  0x000002105eb61120 JavaThread "HikariPool-1:housekeeper"   daemon [_thread_blocked, id=11740, stack(0x000000e096b00000,0x000000e096c00000) (1024K)]
  0x000002105eb60a90 JavaThread "File Watcher"               daemon [_thread_blocked, id=10180, stack(0x000000e096d00000,0x000000e096e00000) (1024K)]
  0x0000021060414bb0 JavaThread "Live Reload Server"         daemon [_thread_in_native, id=13388, stack(0x000000e096f00000,0x000000e097000000) (1024K)]
  0x00000210604165f0 JavaThread "http-nio-8080-exec-1"       daemon [_thread_blocked, id=3416, stack(0x000000e096e00000,0x000000e096f00000) (1024K)]
  0x0000021060415f60 JavaThread "http-nio-8080-exec-2"       daemon [_thread_blocked, id=10052, stack(0x000000e097000000,0x000000e097100000) (1024K)]
  0x0000021060414520 JavaThread "http-nio-8080-exec-3"       daemon [_thread_blocked, id=12588, stack(0x000000e097100000,0x000000e097200000) (1024K)]
  0x0000021060413170 JavaThread "http-nio-8080-exec-4"       daemon [_thread_blocked, id=10364, stack(0x000000e097200000,0x000000e097300000) (1024K)]
  0x0000021060413800 JavaThread "http-nio-8080-exec-5"       daemon [_thread_blocked, id=13844, stack(0x000000e097300000,0x000000e097400000) (1024K)]
  0x0000021060415240 JavaThread "http-nio-8080-exec-6"       daemon [_thread_blocked, id=7600, stack(0x000000e097400000,0x000000e097500000) (1024K)]
  0x00000210604158d0 JavaThread "http-nio-8080-exec-7"       daemon [_thread_blocked, id=5004, stack(0x000000e097500000,0x000000e097600000) (1024K)]
  0x0000021060413e90 JavaThread "http-nio-8080-exec-8"       daemon [_thread_blocked, id=14192, stack(0x000000e097600000,0x000000e097700000) (1024K)]
  0x00000210612d7ef0 JavaThread "http-nio-8080-exec-9"       daemon [_thread_blocked, id=3600, stack(0x000000e097700000,0x000000e097800000) (1024K)]
  0x00000210612de160 JavaThread "http-nio-8080-exec-10"      daemon [_thread_blocked, id=11628, stack(0x000000e097800000,0x000000e097900000) (1024K)]
  0x00000210612ddad0 JavaThread "http-nio-8080-Poller"       daemon [_thread_in_native, id=11816, stack(0x000000e097900000,0x000000e097a00000) (1024K)]
  0x00000210612d92a0 JavaThread "http-nio-8080-Acceptor"     daemon [_thread_in_native, id=14016, stack(0x000000e097a00000,0x000000e097b00000) (1024K)]
  0x00000210612d9fc0 JavaThread "DestroyJavaVM"                     [_thread_blocked, id=1560, stack(0x000000e094e00000,0x000000e094f00000) (1024K)]
Total: 31

Other Threads:
  0x0000021078e97970 VMThread "VM Thread"                           [id=7732, stack(0x000000e095500000,0x000000e095600000) (1024K)]
  0x0000021078e88d40 WatcherThread "VM Periodic Task Thread"        [id=11060, stack(0x000000e095400000,0x000000e095500000) (1024K)]
  0x0000021078e141b0 WorkerThread "GC Thread#0"                     [id=14116, stack(0x000000e094f00000,0x000000e095000000) (1024K)]
  0x000002105d70cfe0 WorkerThread "GC Thread#1"                     [id=7856, stack(0x000000e096100000,0x000000e096200000) (1024K)]
  0x000002105d4af270 WorkerThread "GC Thread#2"                     [id=9452, stack(0x000000e096200000,0x000000e096300000) (1024K)]
  0x000002105d4af620 WorkerThread "GC Thread#3"                     [id=6452, stack(0x000000e096300000,0x000000e096400000) (1024K)]
  0x0000021078e1ed50 ConcurrentGCThread "G1 Main Marker"            [id=8892, stack(0x000000e095000000,0x000000e095100000) (1024K)]
  0x0000021078e1f920 WorkerThread "G1 Conc#0"                       [id=10748, stack(0x000000e095100000,0x000000e095200000) (1024K)]
  0x0000021078e79b80 ConcurrentGCThread "G1 Refine#0"               [id=9416, stack(0x000000e095200000,0x000000e095300000) (1024K)]
  0x0000021078e7b630 ConcurrentGCThread "G1 Service"                [id=8456, stack(0x000000e095300000,0x000000e095400000) (1024K)]
Total: 10

Threads with active compile tasks:
C2 CompilerThread0  117234 7120   !   4       java.nio.ByteBuffer::wrap (21 bytes)
Total: 1

VM state: not at safepoint (normal execution)

VM Mutex/Monitor currently owned by a thread: None

Heap address: 0x00000000c1800000, size: 1000 MB, Compressed Oops mode: 32-bit

CDS archive(s) mapped at: [0x0000021018000000-0x0000021018d70000-0x0000021018d70000), size 14090240, SharedBaseAddress: 0x0000021018000000, ArchiveRelocationMode: 1.
Compressed class space mapped at: 0x0000021019000000-0x0000021059000000, reserved size: 1073741824
Narrow klass base: 0x0000021018000000, Narrow klass shift: 0, Narrow klass range: 0x41000000

GC Precious Log:
 CardTable entry size: 512
 Card Set container configuration: InlinePtr #cards 5 size 8 Array Of Cards #cards 10 size 36 Howl #buckets 4 coarsen threshold 1843 Howl Bitmap #cards 512 size 80 coarsen threshold 460 Card regions per heap region 1 cards per card region 2048
 CPUs: 4 total, 4 available
 Memory: 3996M
 Large Page Support: Disabled
 NUMA Support: Disabled
 Compressed Oops: Enabled (32-bit)
 Heap Region Size: 1M
 Heap Min Capacity: 8M
 Heap Initial Capacity: 64M
 Heap Max Capacity: 1000M
 Pre-touch: Disabled
 Parallel Workers: 4
 Concurrent Workers: 1
 Concurrent Refinement Workers: 4
 Periodic GC: Disabled

Heap:
 garbage-first heap   total reserved 1024000K, committed 61440K, used 38153K [0x00000000c1800000, 0x0000000100000000)
  region size 1024K, 5 young (5120K), 2 survivors (2048K)
 Metaspace       used 79485K, committed 80256K, reserved 1179648K
  class space    used 11086K, committed 11392K, reserved 1048576K

Heap Regions: E=young(eden), S=young(survivor), O=old, HS=humongous(starts), HC=humongous(continues), CS=collection set, F=free, TAMS=top-at-mark-start, PB=parsable bottom
|   0|0x00000000c1800000, 0x00000000c1900000, 0x00000000c1900000|100%|HS|  |TAMS 0x00000000c1800000| PB 0x00000000c1800000| Complete |  0
|   1|0x00000000c1900000, 0x00000000c1a00000, 0x00000000c1a00000|100%|HS|  |TAMS 0x00000000c1900000| PB 0x00000000c1900000| Complete |  0
|   2|0x00000000c1a00000, 0x00000000c1b00000, 0x00000000c1b00000|100%| O|  |TAMS 0x00000000c1a00000| PB 0x00000000c1a00000| Untracked |  0
|   3|0x00000000c1b00000, 0x00000000c1c00000, 0x00000000c1c00000|100%| O|  |TAMS 0x00000000c1b00000| PB 0x00000000c1b00000| Untracked |  0
|   4|0x00000000c1c00000, 0x00000000c1d00000, 0x00000000c1d00000|100%| O|  |TAMS 0x00000000c1c00000| PB 0x00000000c1c00000| Untracked |  0
|   5|0x00000000c1d00000, 0x00000000c1e00000, 0x00000000c1e00000|100%| O|  |TAMS 0x00000000c1d00000| PB 0x00000000c1d00000| Untracked |  0
|   6|0x00000000c1e00000, 0x00000000c1f00000, 0x00000000c1f00000|100%| O|  |TAMS 0x00000000c1e00000| PB 0x00000000c1e00000| Untracked |  0
|   7|0x00000000c1f00000, 0x00000000c2000000, 0x00000000c2000000|100%| O|  |TAMS 0x00000000c1f00000| PB 0x00000000c1f00000| Untracked |  0
|   8|0x00000000c2000000, 0x00000000c2100000, 0x00000000c2100000|100%| O|  |TAMS 0x00000000c2000000| PB 0x00000000c2000000| Untracked |  0
|   9|0x00000000c2100000, 0x00000000c2200000, 0x00000000c2200000|100%| O|  |TAMS 0x00000000c2100000| PB 0x00000000c2100000| Untracked |  0
|  10|0x00000000c2200000, 0x00000000c2300000, 0x00000000c2300000|100%| O|  |TAMS 0x00000000c2200000| PB 0x00000000c2200000| Untracked |  0
|  11|0x00000000c2300000, 0x00000000c2400000, 0x00000000c2400000|100%| O|  |TAMS 0x00000000c2300000| PB 0x00000000c2300000| Untracked |  0
|  12|0x00000000c2400000, 0x00000000c2500000, 0x00000000c2500000|100%| O|  |TAMS 0x00000000c2400000| PB 0x00000000c2400000| Untracked |  0
|  13|0x00000000c2500000, 0x00000000c2600000, 0x00000000c2600000|100%| O|  |TAMS 0x00000000c2500000| PB 0x00000000c2500000| Untracked |  0
|  14|0x00000000c2600000, 0x00000000c2700000, 0x00000000c2700000|100%| O|  |TAMS 0x00000000c2600000| PB 0x00000000c2600000| Untracked |  0
|  15|0x00000000c2700000, 0x00000000c2800000, 0x00000000c2800000|100%| O|Cm|TAMS 0x00000000c2700000| PB 0x00000000c2700000| Complete |  0
|  16|0x00000000c2800000, 0x00000000c2900000, 0x00000000c2900000|100%| O|  |TAMS 0x00000000c2800000| PB 0x00000000c2800000| Untracked |  0
|  17|0x00000000c2900000, 0x00000000c2a00000, 0x00000000c2a00000|100%| O|  |TAMS 0x00000000c2900000| PB 0x00000000c2900000| Untracked |  0
|  18|0x00000000c2a00000, 0x00000000c2b00000, 0x00000000c2b00000|100%| O|  |TAMS 0x00000000c2a00000| PB 0x00000000c2a00000| Untracked |  0
|  19|0x00000000c2b00000, 0x00000000c2c00000, 0x00000000c2c00000|100%| O|Cm|TAMS 0x00000000c2b00000| PB 0x00000000c2b00000| Complete |  0
|  20|0x00000000c2c00000, 0x00000000c2d00000, 0x00000000c2d00000|100%| O|  |TAMS 0x00000000c2c00000| PB 0x00000000c2c00000| Untracked |  0
|  21|0x00000000c2d00000, 0x00000000c2e00000, 0x00000000c2e00000|100%| O|  |TAMS 0x00000000c2d00000| PB 0x00000000c2d00000| Untracked |  0
|  22|0x00000000c2e00000, 0x00000000c2f00000, 0x00000000c2f00000|100%| O|  |TAMS 0x00000000c2e00000| PB 0x00000000c2e00000| Untracked |  0
|  23|0x00000000c2f00000, 0x00000000c3000000, 0x00000000c3000000|100%| O|  |TAMS 0x00000000c2f00000| PB 0x00000000c2f00000| Untracked |  0
|  24|0x00000000c3000000, 0x00000000c3100000, 0x00000000c3100000|100%| O|  |TAMS 0x00000000c3000000| PB 0x00000000c3000000| Untracked |  0
|  25|0x00000000c3100000, 0x00000000c3200000, 0x00000000c3200000|100%| O|  |TAMS 0x00000000c3100000| PB 0x00000000c3100000| Untracked |  0
|  26|0x00000000c3200000, 0x00000000c3300000, 0x00000000c3300000|100%| O|  |TAMS 0x00000000c3200000| PB 0x00000000c3200000| Untracked |  0
|  27|0x00000000c3300000, 0x00000000c3400000, 0x00000000c3400000|100%| O|  |TAMS 0x00000000c3300000| PB 0x00000000c3300000| Untracked |  0
|  28|0x00000000c3400000, 0x00000000c3500000, 0x00000000c3500000|100%| O|  |TAMS 0x00000000c3400000| PB 0x00000000c3400000| Untracked |  0
|  29|0x00000000c3500000, 0x00000000c3600000, 0x00000000c3600000|100%| O|  |TAMS 0x00000000c3500000| PB 0x00000000c3500000| Untracked |  0
|  30|0x00000000c3600000, 0x00000000c3700000, 0x00000000c3700000|100%| O|  |TAMS 0x00000000c3600000| PB 0x00000000c3600000| Untracked |  0
|  31|0x00000000c3700000, 0x00000000c3800000, 0x00000000c3800000|100%| O|  |TAMS 0x00000000c3700000| PB 0x00000000c3700000| Untracked |  0
|  32|0x00000000c3800000, 0x00000000c3900000, 0x00000000c3900000|100%| O|  |TAMS 0x00000000c3800000| PB 0x00000000c3800000| Untracked |  0
|  33|0x00000000c3900000, 0x00000000c39854a0, 0x00000000c3a00000| 52%| O|  |TAMS 0x00000000c3900000| PB 0x00000000c3900000| Untracked |  0
|  34|0x00000000c3a00000, 0x00000000c3a00000, 0x00000000c3b00000|  0%| F|  |TAMS 0x00000000c3a00000| PB 0x00000000c3a00000| Untracked |  0
|  35|0x00000000c3b00000, 0x00000000c3b00000, 0x00000000c3c00000|  0%| F|  |TAMS 0x00000000c3b00000| PB 0x00000000c3b00000| Untracked |  0
|  36|0x00000000c3c00000, 0x00000000c3c00000, 0x00000000c3d00000|  0%| F|  |TAMS 0x00000000c3c00000| PB 0x00000000c3c00000| Untracked |  0
|  37|0x00000000c3d00000, 0x00000000c3d00000, 0x00000000c3e00000|  0%| F|  |TAMS 0x00000000c3d00000| PB 0x00000000c3d00000| Untracked |  0
|  38|0x00000000c3e00000, 0x00000000c3e00000, 0x00000000c3f00000|  0%| F|  |TAMS 0x00000000c3e00000| PB 0x00000000c3e00000| Untracked |  0
|  39|0x00000000c3f00000, 0x00000000c3f00000, 0x00000000c4000000|  0%| F|  |TAMS 0x00000000c3f00000| PB 0x00000000c3f00000| Untracked |  0
|  40|0x00000000c4000000, 0x00000000c40bd1b8, 0x00000000c4100000| 73%| S|CS|TAMS 0x00000000c4000000| PB 0x00000000c4000000| Complete |  0
|  41|0x00000000c4100000, 0x00000000c4200000, 0x00000000c4200000|100%| S|CS|TAMS 0x00000000c4100000| PB 0x00000000c4100000| Complete |  0
|  42|0x00000000c4200000, 0x00000000c4200000, 0x00000000c4300000|  0%| F|  |TAMS 0x00000000c4200000| PB 0x00000000c4200000| Untracked |  0
|  43|0x00000000c4300000, 0x00000000c4300000, 0x00000000c4400000|  0%| F|  |TAMS 0x00000000c4300000| PB 0x00000000c4300000| Untracked |  0
|  44|0x00000000c4400000, 0x00000000c4400000, 0x00000000c4500000|  0%| F|  |TAMS 0x00000000c4400000| PB 0x00000000c4400000| Untracked |  0
|  45|0x00000000c4500000, 0x00000000c4500000, 0x00000000c4600000|  0%| F|  |TAMS 0x00000000c4500000| PB 0x00000000c4500000| Untracked |  0
|  46|0x00000000c4600000, 0x00000000c4600000, 0x00000000c4700000|  0%| F|  |TAMS 0x00000000c4600000| PB 0x00000000c4600000| Untracked |  0
|  47|0x00000000c4700000, 0x00000000c4700000, 0x00000000c4800000|  0%| F|  |TAMS 0x00000000c4700000| PB 0x00000000c4700000| Untracked |  0
|  48|0x00000000c4800000, 0x00000000c4800000, 0x00000000c4900000|  0%| F|  |TAMS 0x00000000c4800000| PB 0x00000000c4800000| Untracked |  0
|  49|0x00000000c4900000, 0x00000000c4900000, 0x00000000c4a00000|  0%| F|  |TAMS 0x00000000c4900000| PB 0x00000000c4900000| Untracked |  0
|  50|0x00000000c4a00000, 0x00000000c4a00000, 0x00000000c4b00000|  0%| F|  |TAMS 0x00000000c4a00000| PB 0x00000000c4a00000| Untracked |  0
|  51|0x00000000c4b00000, 0x00000000c4b00000, 0x00000000c4c00000|  0%| F|  |TAMS 0x00000000c4b00000| PB 0x00000000c4b00000| Untracked |  0
|  52|0x00000000c4c00000, 0x00000000c4c00000, 0x00000000c4d00000|  0%| F|  |TAMS 0x00000000c4c00000| PB 0x00000000c4c00000| Untracked |  0
|  53|0x00000000c4d00000, 0x00000000c4d00000, 0x00000000c4e00000|  0%| F|  |TAMS 0x00000000c4d00000| PB 0x00000000c4d00000| Untracked |  0
|  54|0x00000000c4e00000, 0x00000000c4e00000, 0x00000000c4f00000|  0%| F|  |TAMS 0x00000000c4e00000| PB 0x00000000c4e00000| Untracked |  0
|  55|0x00000000c4f00000, 0x00000000c4f00000, 0x00000000c5000000|  0%| F|  |TAMS 0x00000000c4f00000| PB 0x00000000c4f00000| Untracked |  0
|  56|0x00000000c5000000, 0x00000000c5000000, 0x00000000c5100000|  0%| F|  |TAMS 0x00000000c5000000| PB 0x00000000c5000000| Untracked |  0
|  57|0x00000000c5100000, 0x00000000c5147e50, 0x00000000c5200000| 28%| E|  |TAMS 0x00000000c5100000| PB 0x00000000c5100000| Complete |  0
|  61|0x00000000c5500000, 0x00000000c5600000, 0x00000000c5600000|100%| E|CS|TAMS 0x00000000c5500000| PB 0x00000000c5500000| Complete |  0
|  63|0x00000000c5700000, 0x00000000c5800000, 0x00000000c5800000|100%| E|CS|TAMS 0x00000000c5700000| PB 0x00000000c5700000| Complete |  0

Card table byte_map: [0x00000210790a0000,0x00000210792a0000] _byte_map_base: 0x0000021078a94000

Marking Bits: (CMBitMap*) 0x0000021078e147d0
 Bits: [0x00000210792a0000, 0x000002107a240000)

Polling page: 0x00000210785a0000

Metaspace:

Usage:
  Non-class:     66.80 MB used.
      Class:     10.83 MB used.
       Both:     77.62 MB used.

Virtual space:
  Non-class space:      128.00 MB reserved,      67.25 MB ( 53%) committed,  2 nodes.
      Class space:        1.00 GB reserved,      11.12 MB (  1%) committed,  1 nodes.
             Both:        1.12 GB reserved,      78.38 MB (  7%) committed. 

Chunk freelists:
   Non-Class:  12.37 MB
       Class:  4.79 MB
        Both:  17.17 MB

MaxMetaspaceSize: unlimited
CompressedClassSpaceSize: 1.00 GB
Initial GC threshold: 21.00 MB
Current GC threshold: 130.62 MB
CDS: on
 - commit_granule_bytes: 65536.
 - commit_granule_words: 8192.
 - virtual_space_node_default_size: 8388608.
 - enlarge_chunks_in_place: 1.
 - use_allocation_guard: 0.


Internal statistics:

num_allocs_failed_limit: 6.
num_arena_births: 1000.
num_arena_deaths: 0.
num_vsnodes_births: 3.
num_vsnodes_deaths: 0.
num_space_committed: 1254.
num_space_uncommitted: 0.
num_chunks_returned_to_freelist: 6.
num_chunks_taken_from_freelist: 3763.
num_chunk_merges: 6.
num_chunk_splits: 2719.
num_chunks_enlarged: 2110.
num_inconsistent_stats: 0.

CodeHeap 'non-profiled nmethods': size=120064Kb used=2471Kb max_used=2553Kb free=117593Kb
 bounds [0x0000021010130000, 0x00000210103c0000, 0x0000021017670000]
CodeHeap 'profiled nmethods': size=120000Kb used=8795Kb max_used=9055Kb free=111204Kb
 bounds [0x0000021008670000, 0x0000021008f50000, 0x000002100fba0000]
CodeHeap 'non-nmethods': size=5696Kb used=1776Kb max_used=1848Kb free=3919Kb
 bounds [0x000002100fba0000, 0x000002100fe10000, 0x0000021010130000]
CodeCache: size=245760Kb, used=13042Kb, max_used=13456Kb, free=232716Kb
 total_blobs=6944, nmethods=6139, adapters=710, full_count=0
Compilation: enabled, stopped_count=0, restarted_count=0

Compilation events (20 events):
Event: 110.008 Thread 0x00000210177b36d0 nmethod 7112 0x0000021008761488 code [0x00000210087616e0, 0x0000021008762478]
Event: 110.008 Thread 0x00000210177b36d0 7115       3       com.sun.crypto.provider.CounterMode::<init> (41 bytes)
Event: 110.009 Thread 0x00000210177b36d0 nmethod 7115 0x00000210089cca88 code [0x00000210089ccbe0, 0x00000210089cd128]
Event: 110.009 Thread 0x00000210177b36d0 7116       3       com.sun.crypto.provider.CounterMode::reset (26 bytes)
Event: 110.010 Thread 0x00000210177b36d0 nmethod 7116 0x000002100876d688 code [0x000002100876d7a0, 0x000002100876d978]
Event: 110.010 Thread 0x00000210177b36d0 7110       3       sun.nio.ch.NioSocketImpl$1::read (11 bytes)
Event: 110.010 Thread 0x00000210177b36d0 nmethod 7110 0x00000210087eca88 code [0x00000210087ecba0, 0x00000210087ecce0]
Event: 110.010 Thread 0x00000210177b36d0 7111   !   3       sun.nio.ch.NioSocketImpl::read (96 bytes)
Event: 110.014 Thread 0x00000210177b36d0 nmethod 7111 0x0000021008e3e488 code [0x0000021008e3e6c0, 0x0000021008e3f5b8]
Event: 110.014 Thread 0x00000210177b36d0 7113   !   3       sun.nio.ch.NioSocketImpl::beginRead (30 bytes)
Event: 110.015 Thread 0x00000210177b36d0 nmethod 7113 0x0000021008b46c08 code [0x0000021008b46d40, 0x0000021008b47210]
Event: 110.016 Thread 0x00000210177b36d0 7114       3       java.nio.ByteBuffer::get (54 bytes)
Event: 110.019 Thread 0x00000210177b36d0 nmethod 7114 0x0000021008befb88 code [0x0000021008befd00, 0x0000021008bf0220]
Event: 110.204 Thread 0x00000210177b2310 7117       4       org.springframework.boot.devtools.filewatch.FileSnapshot::hashCode (49 bytes)
Event: 110.228 Thread 0x00000210177b2310 nmethod 7117 0x00000210102aa108 code [0x00000210102aa2a0, 0x00000210102aad58]
Event: 110.361 Thread 0x00000210177b36d0 7118   !   3       org.apache.tomcat.util.net.NioEndpoint$Poller::events (275 bytes)
Event: 110.379 Thread 0x00000210177b36d0 nmethod 7118 0x0000021008b7f988 code [0x0000021008b7fce0, 0x0000021008b819f0]
Event: 110.379 Thread 0x00000210177b36d0 7119  s    3       org.apache.tomcat.util.collections.SynchronizedQueue::size (23 bytes)
Event: 110.380 Thread 0x00000210177b36d0 nmethod 7119 0x0000021008974588 code [0x00000210089746a0, 0x0000021008974948]
Event: 117.136 Thread 0x00000210177b2310 7120   !   4       java.nio.ByteBuffer::wrap (21 bytes)

GC Heap History (20 events):
Event: 9.573 GC heap before
{Heap before GC invocations=11 (full 0):
 garbage-first heap   total reserved 1024000K, committed 48128K, used 39284K [0x00000000c1800000, 0x0000000100000000)
  region size 1024K, 20 young (20480K), 2 survivors (2048K)
 Metaspace       used 39729K, committed 40320K, reserved 1114112K
  class space    used 5458K, committed 5696K, reserved 1048576K
}
Event: 9.579 GC heap after
{Heap after GC invocations=12 (full 0):
 garbage-first heap   total reserved 1024000K, committed 48128K, used 22647K [0x00000000c1800000, 0x0000000100000000)
  region size 1024K, 3 young (3072K), 3 survivors (3072K)
 Metaspace       used 39729K, committed 40320K, reserved 1114112K
  class space    used 5458K, committed 5696K, reserved 1048576K
}
Event: 10.883 GC heap before
{Heap before GC invocations=12 (full 0):
 garbage-first heap   total reserved 1024000K, committed 48128K, used 41079K [0x00000000c1800000, 0x0000000100000000)
  region size 1024K, 21 young (21504K), 3 survivors (3072K)
 Metaspace       used 48371K, committed 48960K, reserved 1114112K
  class space    used 6506K, committed 6784K, reserved 1048576K
}
Event: 10.894 GC heap after
{Heap after GC invocations=13 (full 0):
 garbage-first heap   total reserved 1024000K, committed 48128K, used 24541K [0x00000000c1800000, 0x0000000100000000)
  region size 1024K, 3 young (3072K), 3 survivors (3072K)
 Metaspace       used 48371K, committed 48960K, reserved 1114112K
  class space    used 6506K, committed 6784K, reserved 1048576K
}
Event: 11.447 GC heap before
{Heap before GC invocations=13 (full 0):
 garbage-first heap   total reserved 1024000K, committed 48128K, used 40925K [0x00000000c1800000, 0x0000000100000000)
  region size 1024K, 20 young (20480K), 3 survivors (3072K)
 Metaspace       used 51945K, committed 52544K, reserved 1114112K
  class space    used 6967K, committed 7232K, reserved 1048576K
}
Event: 11.454 GC heap after
{Heap after GC invocations=14 (full 0):
 garbage-first heap   total reserved 1024000K, committed 48128K, used 25860K [0x00000000c1800000, 0x0000000100000000)
  region size 1024K, 2 young (2048K), 2 survivors (2048K)
 Metaspace       used 51945K, committed 52544K, reserved 1114112K
  class space    used 6967K, committed 7232K, reserved 1048576K
}
Event: 12.111 GC heap before
{Heap before GC invocations=14 (full 0):
 garbage-first heap   total reserved 1024000K, committed 48128K, used 40196K [0x00000000c1800000, 0x0000000100000000)
  region size 1024K, 17 young (17408K), 2 survivors (2048K)
 Metaspace       used 57242K, committed 57856K, reserved 1114112K
  class space    used 7738K, committed 8000K, reserved 1048576K
}
Event: 12.115 GC heap after
{Heap after GC invocations=15 (full 0):
 garbage-first heap   total reserved 1024000K, committed 48128K, used 26471K [0x00000000c1800000, 0x0000000100000000)
  region size 1024K, 2 young (2048K), 2 survivors (2048K)
 Metaspace       used 57242K, committed 57856K, reserved 1114112K
  class space    used 7738K, committed 8000K, reserved 1048576K
}
Event: 12.755 GC heap before
{Heap before GC invocations=16 (full 0):
 garbage-first heap   total reserved 1024000K, committed 48128K, used 40807K [0x00000000c1800000, 0x0000000100000000)
  region size 1024K, 17 young (17408K), 2 survivors (2048K)
 Metaspace       used 60433K, committed 61056K, reserved 1114112K
  class space    used 8368K, committed 8640K, reserved 1048576K
}
Event: 12.761 GC heap after
{Heap after GC invocations=17 (full 0):
 garbage-first heap   total reserved 1024000K, committed 48128K, used 27240K [0x00000000c1800000, 0x0000000100000000)
  region size 1024K, 2 young (2048K), 2 survivors (2048K)
 Metaspace       used 60433K, committed 61056K, reserved 1114112K
  class space    used 8368K, committed 8640K, reserved 1048576K
}
Event: 13.351 GC heap before
{Heap before GC invocations=17 (full 0):
 garbage-first heap   total reserved 1024000K, committed 48128K, used 41576K [0x00000000c1800000, 0x0000000100000000)
  region size 1024K, 16 young (16384K), 2 survivors (2048K)
 Metaspace       used 63731K, committed 64384K, reserved 1114112K
  class space    used 8821K, committed 9088K, reserved 1048576K
}
Event: 13.358 GC heap after
{Heap after GC invocations=18 (full 0):
 garbage-first heap   total reserved 1024000K, committed 58368K, used 27868K [0x00000000c1800000, 0x0000000100000000)
  region size 1024K, 2 young (2048K), 2 survivors (2048K)
 Metaspace       used 63731K, committed 64384K, reserved 1114112K
  class space    used 8821K, committed 9088K, reserved 1048576K
}
Event: 14.351 GC heap before
{Heap before GC invocations=18 (full 0):
 garbage-first heap   total reserved 1024000K, committed 58368K, used 50396K [0x00000000c1800000, 0x0000000100000000)
  region size 1024K, 25 young (25600K), 2 survivors (2048K)
 Metaspace       used 68142K, committed 68800K, reserved 1114112K
  class space    used 9448K, committed 9728K, reserved 1048576K
}
Event: 14.360 GC heap after
{Heap after GC invocations=19 (full 0):
 garbage-first heap   total reserved 1024000K, committed 58368K, used 30130K [0x00000000c1800000, 0x0000000100000000)
  region size 1024K, 4 young (4096K), 4 survivors (4096K)
 Metaspace       used 68142K, committed 68800K, reserved 1114112K
  class space    used 9448K, committed 9728K, reserved 1048576K
}
Event: 28.485 GC heap before
{Heap before GC invocations=20 (full 0):
 garbage-first heap   total reserved 1024000K, committed 58368K, used 48562K [0x00000000c1800000, 0x0000000100000000)
  region size 1024K, 23 young (23552K), 4 survivors (4096K)
 Metaspace       used 71028K, committed 71744K, reserved 1114112K
  class space    used 9894K, committed 10176K, reserved 1048576K
}
Event: 28.503 GC heap after
{Heap after GC invocations=21 (full 0):
 garbage-first heap   total reserved 1024000K, committed 58368K, used 32560K [0x00000000c1800000, 0x0000000100000000)
  region size 1024K, 3 young (3072K), 3 survivors (3072K)
 Metaspace       used 71028K, committed 71744K, reserved 1114112K
  class space    used 9894K, committed 10176K, reserved 1048576K
}
Event: 29.762 GC heap before
{Heap before GC invocations=21 (full 0):
 garbage-first heap   total reserved 1024000K, committed 58368K, used 48944K [0x00000000c1800000, 0x0000000100000000)
  region size 1024K, 20 young (20480K), 3 survivors (3072K)
 Metaspace       used 75868K, committed 76608K, reserved 1179648K
  class space    used 10632K, committed 10944K, reserved 1048576K
}
Event: 29.780 GC heap after
{Heap after GC invocations=22 (full 0):
 garbage-first heap   total reserved 1024000K, committed 58368K, used 34302K [0x00000000c1800000, 0x0000000100000000)
  region size 1024K, 3 young (3072K), 3 survivors (3072K)
 Metaspace       used 75868K, committed 76608K, reserved 1179648K
  class space    used 10632K, committed 10944K, reserved 1048576K
}
Event: 39.367 GC heap before
{Heap before GC invocations=22 (full 0):
 garbage-first heap   total reserved 1024000K, committed 58368K, used 48638K [0x00000000c1800000, 0x0000000100000000)
  region size 1024K, 18 young (18432K), 3 survivors (3072K)
 Metaspace       used 79438K, committed 80128K, reserved 1179648K
  class space    used 11085K, committed 11392K, reserved 1048576K
}
Event: 39.378 GC heap after
{Heap after GC invocations=23 (full 0):
 garbage-first heap   total reserved 1024000K, committed 58368K, used 36105K [0x00000000c1800000, 0x0000000100000000)
  region size 1024K, 2 young (2048K), 2 survivors (2048K)
 Metaspace       used 79438K, committed 80128K, reserved 1179648K
  class space    used 11085K, committed 11392K, reserved 1048576K
}

Dll operation events (13 events):
Event: 0.037 Loaded shared library C:\Program Files\Java\jdk-23\bin\java.dll
Event: 0.157 Loaded shared library C:\Program Files\Java\jdk-23\bin\jsvml.dll
Event: 0.357 Loaded shared library C:\Program Files\Java\jdk-23\bin\zip.dll
Event: 0.364 Loaded shared library C:\Program Files\Java\jdk-23\bin\instrument.dll
Event: 0.374 Loaded shared library C:\Program Files\Java\jdk-23\bin\net.dll
Event: 0.377 Loaded shared library C:\Program Files\Java\jdk-23\bin\nio.dll
Event: 0.382 Loaded shared library C:\Program Files\Java\jdk-23\bin\zip.dll
Event: 0.589 Loaded shared library C:\Program Files\Java\jdk-23\bin\extnet.dll
Event: 0.669 Loaded shared library C:\Program Files\Java\jdk-23\bin\jimage.dll
Event: 1.408 Loaded shared library C:\Program Files\Java\jdk-23\bin\management.dll
Event: 1.418 Loaded shared library C:\Program Files\Java\jdk-23\bin\management_ext.dll
Event: 5.437 Loaded shared library C:\Program Files\Java\jdk-23\bin\sunmscapi.dll
Event: 9.193 Loaded shared library C:\Program Files\Java\jdk-23\bin\verify.dll

Deoptimization events (20 events):
Event: 31.085 Thread 0x0000021060413800 Uncommon trap: trap_request=0xffffff45 fr.pc=0x0000021010299478 relative=0x00000000000000d8
Event: 31.085 Thread 0x0000021060413800 Uncommon trap: reason=unstable_if action=reinterpret pc=0x0000021010299478 method=java.lang.Class.annotationData()Ljava/lang/Class$AnnotationData; @ 36 c2
Event: 31.085 Thread 0x0000021060413800 DEOPT PACKING pc=0x0000021010299478 sp=0x000000e0973fc860
Event: 31.085 Thread 0x0000021060413800 DEOPT UNPACKING pc=0x000002100fbf4402 sp=0x000000e0973fc810 mode 2
Event: 31.086 Thread 0x0000021060415240 Uncommon trap: trap_request=0xffffff45 fr.pc=0x000002101021787c relative=0x000000000000023c
Event: 31.086 Thread 0x0000021060413800 Uncommon trap: trap_request=0xffffff45 fr.pc=0x000002101021787c relative=0x000000000000023c
Event: 31.086 Thread 0x0000021060415240 Uncommon trap: reason=unstable_if action=reinterpret pc=0x000002101021787c method=java.util.HashMap.getNode(Ljava/lang/Object;)Ljava/util/HashMap$Node; @ 66 c2
Event: 31.086 Thread 0x0000021060413800 Uncommon trap: reason=unstable_if action=reinterpret pc=0x000002101021787c method=java.util.HashMap.getNode(Ljava/lang/Object;)Ljava/util/HashMap$Node; @ 66 c2
Event: 31.086 Thread 0x0000021060415240 DEOPT PACKING pc=0x000002101021787c sp=0x000000e0974fc890
Event: 31.086 Thread 0x0000021060413800 DEOPT PACKING pc=0x000002101021787c sp=0x000000e0973fca40
Event: 31.086 Thread 0x0000021060415240 DEOPT UNPACKING pc=0x000002100fbf4402 sp=0x000000e0974fc7b0 mode 2
Event: 31.086 Thread 0x0000021060413800 DEOPT UNPACKING pc=0x000002100fbf4402 sp=0x000000e0973fc960 mode 2
Event: 31.104 Thread 0x0000021060413800 Uncommon trap: trap_request=0xffffff45 fr.pc=0x0000021010285d74 relative=0x00000000000003f4
Event: 31.104 Thread 0x0000021060413800 Uncommon trap: reason=unstable_if action=reinterpret pc=0x0000021010285d74 method=java.lang.reflect.Executable.declaredAnnotations()Ljava/util/Map; @ 19 c2
Event: 31.104 Thread 0x0000021060413800 DEOPT PACKING pc=0x0000021010285d74 sp=0x000000e0973fc890
Event: 31.105 Thread 0x0000021060413800 DEOPT UNPACKING pc=0x000002100fbf4402 sp=0x000000e0973fc838 mode 2
Event: 39.219 Thread 0x0000021060413e90 Uncommon trap: trap_request=0xffffffcc fr.pc=0x00000210103a3cd4 relative=0x0000000000000234
Event: 39.219 Thread 0x0000021060413e90 Uncommon trap: reason=intrinsic_or_type_checked_inlining action=make_not_entrant pc=0x00000210103a3cd4 method=java.util.ArrayList.toArray([Ljava/lang/Object;)[Ljava/lang/Object; @ 36 c2
Event: 39.219 Thread 0x0000021060413e90 DEOPT PACKING pc=0x00000210103a3cd4 sp=0x000000e0976fc200
Event: 39.219 Thread 0x0000021060413e90 DEOPT UNPACKING pc=0x000002100fbf4402 sp=0x000000e0976fc1b0 mode 2

Classes loaded (20 events):
Event: 30.902 Loading class java/util/stream/ReferencePipeline$4
Event: 30.903 Loading class java/util/stream/ReferencePipeline$4 done
Event: 30.903 Loading class java/util/function/IntBinaryOperator
Event: 30.903 Loading class java/util/function/IntBinaryOperator done
Event: 30.904 Loading class java/util/stream/ReduceOps$7
Event: 30.904 Loading class java/util/stream/ReduceOps$7 done
Event: 30.904 Loading class java/util/stream/ReduceOps$6ReducingSink
Event: 30.904 Loading class java/util/stream/ReduceOps$6ReducingSink done
Event: 30.904 Loading class java/util/stream/ReferencePipeline$4$1
Event: 30.905 Loading class java/util/stream/ReferencePipeline$4$1 done
Event: 30.923 Loading class java/lang/Throwable$WrappedPrintWriter
Event: 30.924 Loading class java/lang/Throwable$PrintStreamOrWriter
Event: 30.924 Loading class java/lang/Throwable$PrintStreamOrWriter done
Event: 30.924 Loading class java/lang/Throwable$WrappedPrintWriter done
Event: 31.058 Loading class java/util/stream/LongStream
Event: 31.059 Loading class java/util/stream/LongStream done
Event: 31.059 Loading class java/util/stream/DoubleStream
Event: 31.059 Loading class java/util/stream/DoubleStream done
Event: 39.249 Loading class java/lang/invoke/MethodHandleImpl$CountingWrapper$1
Event: 39.249 Loading class java/lang/invoke/MethodHandleImpl$CountingWrapper$1 done

Classes unloaded (0 events):
No events

Classes redefined (0 events):
No events

Internal exceptions (20 events):
Event: 14.778 Thread 0x000002105d799260 Implicit null exception at 0x0000021010243924 to 0x00000210102439a4
Event: 14.980 Thread 0x000002105d799260 Exception <a 'java/lang/NoSuchMethodError'{0x00000000c4264cb0}: 'java.lang.Object java.lang.invoke.DirectMethodHandle$Holder.newInvokeSpecial(java.lang.Object, java.lang.Object, int, java.lang.Object, java.lang.Object)'> (0x00000000c4264cb0) 
thrown [s\open\src\hotspot\share\interpreter\linkResolver.cpp, line 796]
Event: 15.029 Thread 0x000002105d799260 Implicit null exception at 0x00000210102dbcd5 to 0x00000210102dbf04
Event: 28.400 Thread 0x00000210612d92a0 Exception <a 'java/lang/NoSuchMethodError'{0x00000000c3f6b058}: 'java.lang.Object java.lang.invoke.DirectMethodHandle$Holder.invokeStatic(java.lang.Object, java.lang.Object, java.lang.Object, int, int)'> (0x00000000c3f6b058) 
thrown [s\open\src\hotspot\share\interpreter\linkResolver.cpp, line 796]
Event: 28.401 Thread 0x00000210612d92a0 Exception <a 'java/lang/NoSuchMethodError'{0x00000000c3f6e7c8}: 'java.lang.Object java.lang.invoke.DirectMethodHandle$Holder.invokeStaticInit(java.lang.Object, java.lang.Object, java.lang.Object, int, int)'> (0x00000000c3f6e7c8) 
thrown [s\open\src\hotspot\share\interpreter\linkResolver.cpp, line 796]
Event: 28.473 Thread 0x00000210604165f0 Exception <a 'java/lang/NoSuchMethodError'{0x00000000c3eadd08}: 'java.lang.Object java.lang.invoke.DirectMethodHandle$Holder.invokeSpecial(java.lang.Object, java.lang.Object, java.lang.Object, java.lang.Object, java.lang.Object, long)'> (0x00000000c3eadd08) 
thrown [s\open\src\hotspot\share\interpreter\linkResolver.cpp, line 796]
Event: 28.474 Thread 0x00000210604165f0 Exception <a 'java/lang/NoSuchMethodError'{0x00000000c3eb1498}: 'java.lang.Object java.lang.invoke.Invokers$Holder.linkToTargetMethod(java.lang.Object, java.lang.Object, java.lang.Object, long, java.lang.Object)'> (0x00000000c3eb1498) 
thrown [s\open\src\hotspot\share\interpreter\linkResolver.cpp, line 796]
Event: 28.692 Thread 0x00000210604165f0 Exception <a 'java/lang/NoSuchMethodError'{0x00000000c4eade60}: 'java.lang.Object java.lang.invoke.DirectMethodHandle$Holder.invokeVirtual(java.lang.Object, java.lang.Object, long)'> (0x00000000c4eade60) 
thrown [s\open\src\hotspot\share\interpreter\linkResolver.cpp, line 796]
Event: 28.692 Thread 0x00000210604165f0 Exception <a 'java/lang/NoSuchMethodError'{0x00000000c4eb1ab0}: 'long java.lang.invoke.DirectMethodHandle$Holder.invokeStatic(java.lang.Object, java.lang.Object, int)'> (0x00000000c4eb1ab0) 
thrown [s\open\src\hotspot\share\interpreter\linkResolver.cpp, line 796]
Event: 29.096 Thread 0x00000210604165f0 Exception <a 'java/lang/NoSuchMethodError'{0x00000000c487e7d0}: 'void java.lang.invoke.DirectMethodHandle$Holder.invokeSpecialIFC(java.lang.Object, java.lang.Object, int, java.lang.Object, java.lang.Object, java.lang.Object, java.lang.Object)'> (0x00000000c487e7d0) 
thrown [s\open\src\hotspot\share\interpreter\linkResolver.cpp, line 796]
Event: 29.314 Thread 0x00000210604165f0 Exception <a 'java/lang/IncompatibleClassChangeError'{0x00000000c4563368}: Found class java.lang.Object, but interface was expected> (0x00000000c4563368) 
thrown [s\open\src\hotspot\share\interpreter\linkResolver.cpp, line 863]
Event: 29.327 Thread 0x00000210604165f0 Exception <a 'java/lang/IncompatibleClassChangeError'{0x00000000c4570ca8}: Found class java.lang.Object, but interface was expected> (0x00000000c4570ca8) 
thrown [s\open\src\hotspot\share\interpreter\linkResolver.cpp, line 863]
Event: 30.334 Thread 0x00000210604165f0 Exception <a 'java/lang/NoSuchMethodError'{0x00000000c4b360c8}: 'java.lang.Object java.lang.invoke.DirectMethodHandle$Holder.invokeStatic(java.lang.Object, java.lang.Object, java.lang.Object, java.lang.Object, int, java.lang.Object)'> (0x00000000c4b360c8) 
thrown [s\open\src\hotspot\share\interpreter\linkResolver.cpp, line 796]
Event: 30.338 Thread 0x00000210604165f0 Exception <a 'java/lang/NoSuchMethodError'{0x00000000c4b3d520}: 'java.lang.Object java.lang.invoke.DirectMethodHandle$Holder.newInvokeSpecial(java.lang.Object, java.lang.Object, java.lang.Object, java.lang.Object, int)'> (0x00000000c4b3d520) 
thrown [s\open\src\hotspot\share\interpreter\linkResolver.cpp, line 796]
Event: 30.339 Thread 0x00000210604165f0 Exception <a 'java/lang/NoSuchMethodError'{0x00000000c4b41a20}: 'java.lang.Object java.lang.invoke.DirectMethodHandle$Holder.invokeSpecial(java.lang.Object, java.lang.Object, java.lang.Object, java.lang.Object, java.lang.Object, int)'> (0x00000000c4b41a20) 
thrown [s\open\src\hotspot\share\interpreter\linkResolver.cpp, line 796]
Event: 30.340 Thread 0x00000210604165f0 Exception <a 'java/lang/NoSuchMethodError'{0x00000000c4b457c0}: 'java.lang.Object java.lang.invoke.Invokers$Holder.linkToTargetMethod(java.lang.Object, java.lang.Object, java.lang.Object, int, java.lang.Object)'> (0x00000000c4b457c0) 
thrown [s\open\src\hotspot\share\interpreter\linkResolver.cpp, line 796]
Event: 30.709 Thread 0x0000021060413170 Exception <a 'java/lang/NoSuchMethodError'{0x00000000c4937638}: 'java.lang.Object java.lang.invoke.DirectMethodHandle$Holder.invokeStatic(java.lang.Object, int, int)'> (0x00000000c4937638) 
thrown [s\open\src\hotspot\share\interpreter\linkResolver.cpp, line 796]
Event: 30.709 Thread 0x0000021060414520 Exception <a 'java/lang/NoSuchMethodError'{0x00000000c491f4c0}: 'java.lang.Object java.lang.invoke.DirectMethodHandle$Holder.invokeStatic(java.lang.Object, int, int)'> (0x00000000c491f4c0) 
thrown [s\open\src\hotspot\share\interpreter\linkResolver.cpp, line 796]
Event: 30.709 Thread 0x0000021060415f60 Exception <a 'java/lang/NoSuchMethodError'{0x00000000c492b9e8}: 'java.lang.Object java.lang.invoke.DirectMethodHandle$Holder.invokeStatic(java.lang.Object, int, int)'> (0x00000000c492b9e8) 
thrown [s\open\src\hotspot\share\interpreter\linkResolver.cpp, line 796]
Event: 39.225 Thread 0x0000021060413e90 Exception <a 'java/lang/IncompatibleClassChangeError'{0x00000000c428be98}: Found class java.lang.Object, but interface was expected> (0x00000000c428be98) 
thrown [s\open\src\hotspot\share\interpreter\linkResolver.cpp, line 863]

VM Operations (20 events):
Event: 29.359 Executing VM operation: HandshakeAllThreads (Deoptimize)
Event: 29.359 Executing VM operation: HandshakeAllThreads (Deoptimize) done
Event: 29.762 Executing VM operation: G1CollectForAllocation (G1 Evacuation Pause)
Event: 29.780 Executing VM operation: G1CollectForAllocation (G1 Evacuation Pause) done
Event: 30.997 Executing VM operation: HandshakeAllThreads (Deoptimize)
Event: 30.997 Executing VM operation: HandshakeAllThreads (Deoptimize) done
Event: 31.074 Executing VM operation: HandshakeAllThreads (Deoptimize)
Event: 31.074 Executing VM operation: HandshakeAllThreads (Deoptimize) done
Event: 34.474 Executing VM operation: HandshakeAllThreads (Deoptimize)
Event: 34.474 Executing VM operation: HandshakeAllThreads (Deoptimize) done
Event: 39.367 Executing VM operation: G1CollectForAllocation (G1 Evacuation Pause)
Event: 39.378 Executing VM operation: G1CollectForAllocation (G1 Evacuation Pause) done
Event: 39.592 Executing VM operation: G1PauseRemark
Event: 39.606 Executing VM operation: G1PauseRemark done
Event: 39.655 Executing VM operation: G1PauseCleanup
Event: 39.655 Executing VM operation: G1PauseCleanup done
Event: 60.258 Executing VM operation: HandshakeAllThreads (HandshakeForDeflation)
Event: 60.258 Executing VM operation: HandshakeAllThreads (HandshakeForDeflation) done
Event: 60.258 Executing VM operation: RendezvousGCThreads
Event: 60.258 Executing VM operation: RendezvousGCThreads done

Memory protections (0 events):
No events

Nmethod flushes (20 events):
Event: 39.604 Thread 0x0000021078e97970 flushing  nmethod 0x0000021008a24688
Event: 39.604 Thread 0x0000021078e97970 flushing  nmethod 0x0000021008a4ea88
Event: 39.604 Thread 0x0000021078e97970 flushing  nmethod 0x0000021008acfd08
Event: 39.604 Thread 0x0000021078e97970 flushing  nmethod 0x0000021008ad0188
Event: 39.604 Thread 0x0000021078e97970 flushing  nmethod 0x0000021008ad0488
Event: 39.604 Thread 0x0000021078e97970 flushing  nmethod 0x0000021008ae5a88
Event: 39.604 Thread 0x0000021078e97970 flushing  nmethod 0x0000021008ae8d08
Event: 39.604 Thread 0x0000021078e97970 flushing  nmethod 0x0000021008b46c08
Event: 39.604 Thread 0x0000021078e97970 flushing  nmethod 0x0000021008beef08
Event: 39.604 Thread 0x0000021078e97970 flushing  nmethod 0x0000021008befb88
Event: 39.604 Thread 0x0000021078e97970 flushing  nmethod 0x0000021008c0db08
Event: 39.604 Thread 0x0000021078e97970 flushing  nmethod 0x0000021008c80788
Event: 39.604 Thread 0x0000021078e97970 flushing  nmethod 0x0000021008c93288
Event: 39.604 Thread 0x0000021078e97970 flushing  nmethod 0x0000021008c94e88
Event: 39.604 Thread 0x0000021078e97970 flushing  nmethod 0x0000021008ca4a08
Event: 39.604 Thread 0x0000021078e97970 flushing  nmethod 0x0000021008d59188
Event: 39.604 Thread 0x0000021078e97970 flushing  nmethod 0x0000021008d7ae88
Event: 39.604 Thread 0x0000021078e97970 flushing  nmethod 0x0000021008e26d08
Event: 39.604 Thread 0x0000021078e97970 flushing  nmethod 0x0000021008e3e488
Event: 39.604 Thread 0x0000021078e97970 flushing  nmethod 0x0000021008e40e88

Events (20 events):
Event: 14.954 Thread 0x000002105d799260 Thread added: 0x0000021060414520
Event: 14.955 Thread 0x000002105d799260 Thread added: 0x0000021060414bb0
Event: 14.956 Thread 0x0000021060414520 Thread exited: 0x0000021060414520
Event: 14.998 Thread 0x000002105d799260 Thread added: 0x00000210604165f0
Event: 14.998 Thread 0x000002105d799260 Thread added: 0x0000021060415f60
Event: 14.998 Thread 0x000002105d799260 Thread added: 0x0000021060414520
Event: 14.998 Thread 0x000002105d799260 Thread added: 0x0000021060413170
Event: 14.999 Thread 0x000002105d799260 Thread added: 0x0000021060413800
Event: 14.999 Thread 0x000002105d799260 Thread added: 0x0000021060415240
Event: 14.999 Thread 0x000002105d799260 Thread added: 0x00000210604158d0
Event: 14.999 Thread 0x000002105d799260 Thread added: 0x0000021060413e90
Event: 14.999 Thread 0x000002105d799260 Thread added: 0x00000210612d7ef0
Event: 14.999 Thread 0x000002105d799260 Thread added: 0x00000210612de160
Event: 15.019 Thread 0x000002105d799260 Thread added: 0x00000210612ddad0
Event: 15.021 Thread 0x000002105d799260 Thread added: 0x00000210612d92a0
Event: 15.053 Thread 0x000002105d799260 Thread exited: 0x000002105d799260
Event: 15.058 Thread 0x000002105d780eb0 Thread exited: 0x000002105d780eb0
Event: 15.059 Thread 0x0000021076bb9ba0 Thread exited: 0x0000021076bb9ba0
Event: 15.059 Thread 0x00000210612d9fc0 Thread added: 0x00000210612d9fc0
Event: 16.284 Thread 0x000002105eb60400 Thread exited: 0x000002105eb60400


Dynamic libraries:
0x00007ff6c5ed0000 - 0x00007ff6c5ee0000 	C:\Program Files\Java\jdk-23\bin\java.exe
0x00007ffadf610000 - 0x00007ffadf808000 	C:\WINDOWS\SYSTEM32\ntdll.dll
0x00007ffadec70000 - 0x00007ffaded32000 	C:\WINDOWS\System32\KERNEL32.DLL
0x00007ffadcdc0000 - 0x00007ffadd0b6000 	C:\WINDOWS\System32\KERNELBASE.dll
0x00007ffadd3f0000 - 0x00007ffadd4f0000 	C:\WINDOWS\System32\ucrtbase.dll
0x00007ffad64e0000 - 0x00007ffad64f7000 	C:\Program Files\Java\jdk-23\bin\jli.dll
0x00007ffadea10000 - 0x00007ffadebad000 	C:\WINDOWS\System32\USER32.dll
0x00007ffadd3c0000 - 0x00007ffadd3e2000 	C:\WINDOWS\System32\win32u.dll
0x00007ffad64c0000 - 0x00007ffad64db000 	C:\Program Files\Java\jdk-23\bin\VCRUNTIME140.dll
0x00007ffadf450000 - 0x00007ffadf47b000 	C:\WINDOWS\System32\GDI32.dll
0x00007ffadd0c0000 - 0x00007ffadd1d9000 	C:\WINDOWS\System32\gdi32full.dll
0x00007ffac10a0000 - 0x00007ffac133b000 	C:\WINDOWS\WinSxS\amd64_microsoft.windows.common-controls_6595b64144ccf1df_6.0.19041.6280_none_60bc30a171f2f3f3\COMCTL32.dll
0x00007ffadf530000 - 0x00007ffadf5ce000 	C:\WINDOWS\System32\msvcrt.dll
0x00007ffadd4f0000 - 0x00007ffadd58d000 	C:\WINDOWS\System32\msvcp_win.dll
0x00007ffade9e0000 - 0x00007ffadea0f000 	C:\WINDOWS\System32\IMM32.DLL
0x00007ffad66a0000 - 0x00007ffad66ac000 	C:\Program Files\Java\jdk-23\bin\vcruntime140_1.dll
0x00007ffad5040000 - 0x00007ffad50ce000 	C:\Program Files\Java\jdk-23\bin\msvcp140.dll
0x00007ffa939b0000 - 0x00007ffa946ff000 	C:\Program Files\Java\jdk-23\bin\server\jvm.dll
0x00007ffadee10000 - 0x00007ffadeec1000 	C:\WINDOWS\System32\ADVAPI32.dll
0x00007ffadebd0000 - 0x00007ffadec6f000 	C:\WINDOWS\System32\sechost.dll
0x00007ffade680000 - 0x00007ffade7a0000 	C:\WINDOWS\System32\RPCRT4.dll
0x00007ffadd340000 - 0x00007ffadd367000 	C:\WINDOWS\System32\bcrypt.dll
0x00007ffadd760000 - 0x00007ffadd7cb000 	C:\WINDOWS\System32\WS2_32.dll
0x00007ffadcb10000 - 0x00007ffadcb5b000 	C:\WINDOWS\SYSTEM32\POWRPROF.dll
0x00007ffac23f0000 - 0x00007ffac2417000 	C:\WINDOWS\SYSTEM32\WINMM.dll
0x00007ffad32f0000 - 0x00007ffad32fa000 	C:\WINDOWS\SYSTEM32\VERSION.dll
0x00007ffadcaf0000 - 0x00007ffadcb02000 	C:\WINDOWS\SYSTEM32\UMPDC.dll
0x00007ffadb490000 - 0x00007ffadb4a2000 	C:\WINDOWS\SYSTEM32\kernel.appcore.dll
0x00007ffad64b0000 - 0x00007ffad64ba000 	C:\Program Files\Java\jdk-23\bin\jimage.dll
0x00007ffad7980000 - 0x00007ffad7b81000 	C:\WINDOWS\SYSTEM32\DBGHELP.DLL
0x00007ffabfe80000 - 0x00007ffabfeb4000 	C:\WINDOWS\SYSTEM32\dbgcore.DLL
0x00007ffadcd30000 - 0x00007ffadcdb2000 	C:\WINDOWS\System32\bcryptPrimitives.dll
0x00007ffad3af0000 - 0x00007ffad3aff000 	C:\Program Files\Java\jdk-23\bin\instrument.dll
0x00007ffad33f0000 - 0x00007ffad340e000 	C:\Program Files\Java\jdk-23\bin\java.dll
0x00007ffadf320000 - 0x00007ffadf44b000 	C:\WINDOWS\System32\ole32.dll
0x00007ffadeed0000 - 0x00007ffadf223000 	C:\WINDOWS\System32\combase.dll
0x00007ffadd980000 - 0x00007ffade0f0000 	C:\WINDOWS\System32\SHELL32.dll
0x00007ffadacd0000 - 0x00007ffadb475000 	C:\WINDOWS\SYSTEM32\windows.storage.dll
0x00007ffadc5b0000 - 0x00007ffadc5db000 	C:\WINDOWS\SYSTEM32\Wldp.dll
0x00007ffaded40000 - 0x00007ffadee0d000 	C:\WINDOWS\System32\OLEAUT32.dll
0x00007ffade910000 - 0x00007ffade9bd000 	C:\WINDOWS\System32\SHCORE.dll
0x00007ffade150000 - 0x00007ffade1ab000 	C:\WINDOWS\System32\shlwapi.dll
0x00007ffadcbe0000 - 0x00007ffadcc04000 	C:\WINDOWS\SYSTEM32\profapi.dll
0x00007ffacee00000 - 0x00007ffaceed7000 	C:\Program Files\Java\jdk-23\bin\jsvml.dll
0x00007ffacedc0000 - 0x00007ffacedd7000 	C:\Program Files\Java\jdk-23\bin\zip.dll
0x00007ffad19a0000 - 0x00007ffad19b0000 	C:\Program Files\Java\jdk-23\bin\net.dll
0x00007ffadc310000 - 0x00007ffadc37a000 	C:\WINDOWS\system32\mswsock.dll
0x00007ffacede0000 - 0x00007ffacedf6000 	C:\Program Files\Java\jdk-23\bin\nio.dll
0x00007ffacfd80000 - 0x00007ffacfd89000 	C:\Program Files\Java\jdk-23\bin\extnet.dll
0x00007ffaceda0000 - 0x00007ffacedaa000 	C:\Program Files\Java\jdk-23\bin\management.dll
0x00007ffaced90000 - 0x00007ffaced9b000 	C:\Program Files\Java\jdk-23\bin\management_ext.dll
0x00007ffadebc0000 - 0x00007ffadebc8000 	C:\WINDOWS\System32\PSAPI.DLL
0x00007ffacedb0000 - 0x00007ffacedbe000 	C:\Program Files\Java\jdk-23\bin\sunmscapi.dll
0x00007ffadd1e0000 - 0x00007ffadd33d000 	C:\WINDOWS\System32\CRYPT32.dll
0x00007ffadc680000 - 0x00007ffadc6a7000 	C:\WINDOWS\SYSTEM32\ncrypt.dll
0x00007ffadc640000 - 0x00007ffadc67b000 	C:\WINDOWS\SYSTEM32\NTASN1.dll
0x00007ffadc540000 - 0x00007ffadc558000 	C:\WINDOWS\SYSTEM32\CRYPTSP.dll
0x00007ffadbc50000 - 0x00007ffadbc88000 	C:\WINDOWS\system32\rsaenh.dll
0x00007ffadcb60000 - 0x00007ffadcb8e000 	C:\WINDOWS\SYSTEM32\USERENV.dll
0x00007ffadc4b0000 - 0x00007ffadc4bc000 	C:\WINDOWS\SYSTEM32\CRYPTBASE.dll
0x00007ffadc010000 - 0x00007ffadc04b000 	C:\WINDOWS\SYSTEM32\IPHLPAPI.DLL
0x00007ffadf230000 - 0x00007ffadf238000 	C:\WINDOWS\System32\NSI.dll
0x00007ffaced80000 - 0x00007ffaced90000 	C:\Program Files\Java\jdk-23\bin\verify.dll
0x00007ffadc050000 - 0x00007ffadc11a000 	C:\WINDOWS\SYSTEM32\DNSAPI.dll
0x00000000569a0000 - 0x00000000569c6000 	C:\Program Files\Bonjour\mdnsNSP.dll
0x00007ffad0d10000 - 0x00007ffad0d1a000 	C:\Windows\System32\rasadhlp.dll
0x00007ffac58c0000 - 0x00007ffac5940000 	C:\WINDOWS\System32\fwpuclnt.dll
0x00007ffac75c0000 - 0x00007ffac75c7000 	C:\WINDOWS\system32\wshunix.dll

dbghelp: loaded successfully - version: 4.0.5 - missing functions: none
symbol engine: initialized successfully - sym options: 0x614 - pdb path: .;C:\Program Files\Java\jdk-23\bin;C:\WINDOWS\SYSTEM32;C:\WINDOWS\WinSxS\amd64_microsoft.windows.common-controls_6595b64144ccf1df_6.0.19041.6280_none_60bc30a171f2f3f3;C:\Program Files\Java\jdk-23\bin\server;C:\Program Files\Bonjour

VM Arguments:
jvm_args: -javaagent:C:\Program Files\JetBrains\IntelliJ IDEA 2025.2\lib\idea_rt.jar=53768 -Dfile.encoding=UTF-8 -Dsun.stdout.encoding=UTF-8 -Dsun.stderr.encoding=UTF-8 
java_command: com.eventosapp.EventoappApplication
java_class_path (initial): C:\Users\aride\Downloads\eventoapp\target\classes;C:\Users\aride\.m2\repository\org\springframework\boot\spring-boot-starter-thymeleaf\3.5.5\spring-boot-starter-thymeleaf-3.5.5.jar;C:\Users\aride\.m2\repository\org\springframework\boot\spring-boot-starter\3.5.5\spring-boot-starter-3.5.5.jar;C:\Users\aride\.m2\repository\org\springframework\boot\spring-boot-starter-logging\3.5.5\spring-boot-starter-logging-3.5.5.jar;C:\Users\aride\.m2\repository\ch\qos\logback\logback-classic\1.5.18\logback-classic-1.5.18.jar;C:\Users\aride\.m2\repository\ch\qos\logback\logback-core\1.5.18\logback-core-1.5.18.jar;C:\Users\aride\.m2\repository\org\apache\logging\log4j\log4j-to-slf4j\2.24.3\log4j-to-slf4j-2.24.3.jar;C:\Users\aride\.m2\repository\org\apache\logging\log4j\log4j-api\2.24.3\log4j-api-2.24.3.jar;C:\Users\aride\.m2\repository\org\slf4j\jul-to-slf4j\2.0.17\jul-to-slf4j-2.0.17.jar;C:\Users\aride\.m2\repository\jakarta\annotation\jakarta.annotation-api\2.1.1\jakarta.annotation-api-2.1.1.jar;C:\Users\aride\.m2\repository\org\yaml\snakeyaml\2.4\snakeyaml-2.4.jar;C:\Users\aride\.m2\repository\org\thymeleaf\thymeleaf-spring6\3.1.3.RELEASE\thymeleaf-spring6-3.1.3.RELEASE.jar;C:\Users\aride\.m2\repository\org\thymeleaf\thymeleaf\3.1.3.RELEASE\thymeleaf-3.1.3.RELEASE.jar;C:\Users\aride\.m2\repository\org\attoparser\attoparser\2.0.7.RELEASE\attoparser-2.0.7.RELEASE.jar;C:\Users\aride\.m2\repository\org\unbescape\unbescape\1.1.6.RELEASE\unbescape-1.1.6.RELEASE.jar;C:\Users\aride\.m2\repository\org\slf4j\slf4j-api\2.0.17\slf4j-api-2.0.17.jar;C:\Users\aride\.m2\repository\org\springframework\boot\spring-boot-starter-web\3.5.5\spring-boot-starter-web-3.5.5.jar;C:\Users\aride\.m2\repository\org\springframework\boot\spring-boot-starter-json\3.5.5\spring-boot-starter-json-3.5.5.jar;C:\Users\aride\.m2\repository\com\fasterxml\jackson\core\jackson-databind\2.19.2\jackson-databind-2.19.2.jar;C:\Users\aride\.m2\repository\com\fasterxml\jackson\core\jackson-annotations\2.19.2\jackson-annotations-2.19.2.jar;C:\Users\aride\.m2\repository\com\fasterxml\jackson\core\jackson-core\2.19.2\jackson-core-2.19.2.jar;C:\Users\aride\.m2\repository\com\fasterxml\jackson\datatype\jackson-datatype-jdk8\2.19.2\jackson-datatype-jdk8-2.19.2.jar;C:\Users\aride\.m2\repository\com\fasterxml\jackson\datatype\jackson-datatype-jsr310\2.19.2\jackson-datatype-jsr310-2.19.2.jar;C:\Users\aride\.m2\repository\com\fasterxml\jackson\module\jackson-module-parameter-names\2.19.2\jackson-module-parameter-names-2.19.2.jar;C:\Users\aride\.m2\repository\org\springframework\boot\spring-boot-starter-tomcat\3.5.5\spring-boot-starter-tomcat-3.5.5.jar;C:\Users\aride\.m2\repository\org\apache\tomcat\embed\tomcat-embed-core\10.1.44\tomcat-embed-core-10.1.44.jar;C:\Users\aride\.m2\repository\org\apache\tomcat\embed\tomcat-embed-websocket\10.1.44\tomcat-embed-websocket-10.1.44.jar;C:\Users\aride\.m2\repository\org\springframework\spring-web\6.2.10\spring-web-6.2.10.jar;C:\Users\aride\.m2\repository\org\springframework\spring-beans\6.2.10\spring-beans-6.2.10.jar;C:\Users\aride\.m2\repository\io\micrometer\micrometer-observation\1.15.3\micrometer-observation-1.15.3.jar;C:\Users\aride\.m2\repository\io\micrometer\micrometer-commons\1.15.3\micrometer-commons-1.15.3.jar;C:\Users\aride\.m2\repository\org\springframework\spring-webmvc\6.2.10\spring-webmvc-6.2.10.jar;C:\Users\aride\.m2\repository\org\springframework\spring-aop\6.2.10\spring-aop-6.2.10.jar;C:\Users\aride\.m2\repository\org\springframework\spring-context\6.2.10\spring-context-6.2.10.jar;C:\Users\aride\.m2\repository\org\springframework\spring-expression\6.2.10\spring-expression-6.2.10.jar;C:\Users\aride\.m2\repository\org\springframework\boot\spring-boot-devtools\3.5.5\spring-boot-devtools-3.5.5.jar;C:\Users\aride\.m2\repository\org\springframework\boot\spring-boot\3.5.5\spring-boot-3.5.5.jar;C:\Users\aride\.m2\repository\org\springframework\boot\spring-boot-autoconfigure\3.5.5\spring-boot-autoconfigure-3.5.5.jar;C:\Users\aride\.m2\repository\com\mysql\mysql-connector-j\9.4.0\mysql-connector-j-9.4.0.jar;C:\Users\aride\.m2\repository\jakarta\xml\bind\jakarta.xml.bind-api\4.0.2\jakarta.xml.bind-api-4.0.2.jar;C:\Users\aride\.m2\repository\jakarta\activation\jakarta.activation-api\2.1.3\jakarta.activation-api-2.1.3.jar;C:\Users\aride\.m2\repository\net\bytebuddy\byte-buddy\1.17.7\byte-buddy-1.17.7.jar;C:\Users\aride\.m2\repository\org\springframework\spring-core\6.2.10\spring-core-6.2.10.jar;C:\Users\aride\.m2\repository\org\springframework\spring-jcl\6.2.10\spring-jcl-6.2.10.jar;C:\Users\aride\.m2\repository\org\springframework\boot\spring-boot-starter-data-jpa\3.5.5\spring-boot-starter-data-jpa-3.5.5.jar;C:\Users\aride\.m2\repository\org\springframework\boot\spring-boot-starter-jdbc\3.5.5\spring-boot-starter-jdbc-3.5.5.jar;C:\Users\aride\.m2\repository\com\zaxxer\HikariCP\6.3.2\HikariCP-6.3.2.jar;C:\Users\aride\.m2\repository\org\springframework\spring-jdbc\6.2.10\spring-jdbc-6.2.10.jar;C:\Users\aride\.m2\repository\org\hibernate\orm\hibernate-core\6.6.26.Final\hibernate-core-6.6.26.Final.jar;C:\Users\aride\.m2\repository\jakarta\persistence\jakarta.persistence-api\3.1.0\jakarta.persistence-api-3.1.0.jar;C:\Users\aride\.m2\repository\jakarta\transaction\jakarta.transaction-api\2.0.1\jakarta.transaction-api-2.0.1.jar;C:\Users\aride\.m2\repository\org\jboss\logging\jboss-logging\3.6.1.Final\jboss-logging-3.6.1.Final.jar;C:\Users\aride\.m2\repository\org\hibernate\common\hibernate-commons-annotations\7.0.3.Final\hibernate-commons-annotations-7.0.3.Final.jar;C:\Users\aride\.m2\repository\io\smallrye\jandex\3.2.0\jandex-3.2.0.jar;C:\Users\aride\.m2\repository\com\fasterxml\classmate\1.7.0\classmate-1.7.0.jar;C:\Users\aride\.m2\repository\org\glassfish\jaxb\jaxb-runtime\4.0.5\jaxb-runtime-4.0.5.jar;C:\Users\aride\.m2\repository\org\glassfish\jaxb\jaxb-core\4.0.5\jaxb-core-4.0.5.jar;C:\Users\aride\.m2\repository\org\eclipse\angus\angus-activation\2.0.2\angus-activation-2.0.2.jar;C:\Users\aride\.m2\repository\org\glassfish\jaxb\txw2\4.0.5\txw2-4.0.5.jar;C:\Users\aride\.m2\repository\com\sun\istack\istack-commons-runtime\4.1.2\istack-commons-runtime-4.1.2.jar;C:\Users\aride\.m2\repository\jakarta\inject\jakarta.inject-api\2.0.1\jakarta.inject-api-2.0.1.jar;C:\Users\aride\.m2\repository\org\antlr\antlr4-runtime\4.13.0\antlr4-runtime-4.13.0.jar;C:\Users\aride\.m2\repository\org\springframework\data\spring-data-jpa\3.5.3\spring-data-jpa-3.5.3.jar;C:\Users\aride\.m2\repository\org\springframework\data\spring-data-commons\3.5.3\spring-data-commons-3.5.3.jar;C:\Users\aride\.m2\repository\org\springframework\spring-orm\6.2.10\spring-orm-6.2.10.jar;C:\Users\aride\.m2\repository\org\springframework\spring-tx\6.2.10\spring-tx-6.2.10.jar;C:\Users\aride\.m2\repository\org\springframework\spring-aspects\6.2.10\spring-aspects-6.2.10.jar;C:\Users\aride\.m2\repository\org\aspectj\aspectjweaver\1.9.24\aspectjweaver-1.9.24.jar;C:\Users\aride\.m2\repository\mysql\mysql-connector-java\8.0.25\mysql-connector-java-8.0.25.jar;C:\Users\aride\.m2\repository\com\google\protobuf\protobuf-java\3.11.4\protobuf-java-3.11.4.jar;C:\Users\aride\.m2\repository\org\springframework\boot\spring-boot-starter-validation\3.5.5\spring-boot-starter-validation-3.5.5.jar;C:\Users\aride\.m2\repository\org\apache\tomcat\embed\tomcat-embed-el\10.1.44\tomcat-embed-el-10.1.44.jar;C:\Users\aride\.m2\repository\org\hibernate\validator\hibernate-validator\8.0.3.Final\hibernate-validator-8.0.3.Final.jar;C:\Users\aride\.m2\repository\jakarta\validation\jakarta.validation-api\3.0.2\jakarta.validation-api-3.0.2.jar
Launcher Type: SUN_STANDARD

[Global flags]
     intx CICompilerCount                          = 3                                         {product} {ergonomic}
     uint ConcGCThreads                            = 1                                         {product} {ergonomic}
     uint G1ConcRefinementThreads                  = 4                                         {product} {ergonomic}
   size_t G1HeapRegionSize                         = 1048576                                   {product} {ergonomic}
   size_t InitialHeapSize                          = 67108864                                  {product} {ergonomic}
   size_t MarkStackSize                            = 4194304                                   {product} {ergonomic}
   size_t MarkStackSizeMax                         = 536870912                                 {product} {ergonomic}
   size_t MaxHeapSize                              = 1048576000                                {product} {ergonomic}
   size_t MaxNewSize                               = 629145600                                 {product} {ergonomic}
   size_t MinHeapDeltaBytes                        = 1048576                                   {product} {ergonomic}
   size_t MinHeapSize                              = 8388608                                   {product} {ergonomic}
    uintx NonNMethodCodeHeapSize                   = 5832704                                {pd product} {ergonomic}
    uintx NonProfiledCodeHeapSize                  = 122945536                              {pd product} {ergonomic}
    uintx ProfiledCodeHeapSize                     = 122880000                              {pd product} {ergonomic}
    uintx ReservedCodeCacheSize                    = 251658240                              {pd product} {ergonomic}
     bool SegmentedCodeCache                       = true                                      {product} {ergonomic}
   size_t SoftMaxHeapSize                          = 1048576000                             {manageable} {ergonomic}
     bool UseCompressedOops                        = true                           {product lp64_product} {ergonomic}
     bool UseG1GC                                  = true                                      {product} {ergonomic}
     bool UseLargePagesIndividualAllocation        = false                                  {pd product} {ergonomic}

Logging:
Log output configuration:
 #0: stdout all=warning uptime,level,tags foldmultilines=false
 #1: stderr all=off uptime,level,tags foldmultilines=false

Environment Variables:
PATH=C:\Program Files\Common Files\Oracle\Java\javapath;C:\WINDOWS\system32;C:\WINDOWS;C:\WINDOWS\System32\Wbem;C:\WINDOWS\System32\WindowsPowerShell\v1.0\;C:\WINDOWS\System32\OpenSSH\;C:\Program Files\Git\cmd;C:\apache-maven-3.9.10\bin;C:\ProgramData\chocolatey\bin;C:\Program Files\MySQL\MySQL Shell 8.0\bin\;C:\Users\aride\AppData\Local\Microsoft\WindowsApps;C:\Program Files\JetBrains\IntelliJ IDEA Community Edition 2024.2.3\bin;;C:\Users\aride\AppData\Local\Programs\Microsoft VS Code\bin;C:\apache-maven-3.9.10\bin;C:\Program Files\JetBrains\IntelliJ IDEA 2025.2\bin
USERNAME=aride
OS=Windows_NT
PROCESSOR_IDENTIFIER=Intel64 Family 6 Model 142 Stepping 9, GenuineIntel
TMP=C:\Users\aride\AppData\Local\Temp
TEMP=C:\Users\aride\AppData\Local\Temp




Periodic native trim disabled

---------------  S Y S T E M  ---------------

OS:
 Windows 10 , 64 bit Build 19041 (10.0.19041.5915)
OS uptime: 1 days 11:01 hours
Hyper-V role detected

CPU: total 4 (initial active 4) (2 cores per cpu, 2 threads per core) family 6 model 142 stepping 9 microcode 0xf4, cx8, cmov, fxsr, ht, mmx, 3dnowpref, sse, sse2, sse3, ssse3, sse4.1, sse4.2, popcnt, lzcnt, tsc, tscinvbit, avx, avx2, aes, erms, clmul, bmi1, bmi2, adx, fma, vzeroupper, clflush, clflushopt, hv, rdtscp, f16c
Processor Information for the first 4 processors :
  Max Mhz: 2304, Current Mhz: 2304, Mhz Limit: 2304

Memory: 4k page, system-wide physical 3996M (267M free)
TotalPageFile size 9596M (AvailPageFile size 0M)
current process WorkingSet (physical memory assigned to process): 76M, peak: 223M
current process commit charge ("private bytes"): 278M, peak: 295M

vm_info: Java HotSpot(TM) 64-Bit Server VM (23.0.1+11-39) for windows-amd64 JRE (23.0.1+11-39), built on 2024-09-30T07:20:43Z with MS VC++ 17.6 (VS2022)

END.
